<?xml version="1.0" encoding="UTF-8"?>
<!-- Generated by org.testng.reporters.JUnitReportReporter -->
<testsuite hostname="AKASH" failures="0" tests="1" name="method_for_all_data.Kite_test" time="5.689" errors="0" timestamp="2021-04-05T20:33:18 IST" skipped="0">
  <testcase classname="method_for_all_data.Kite_test" name="verify_Id" time="5.689"/>
  <system-out/>
</testsuite> <!-- method_for_all_data.Kite_test -->
