<?xml version="1.0" encoding="UTF-8"?>
<!-- Generated by org.testng.reporters.JUnitReportReporter -->
<testsuite hostname="AKASH" failures="0" tests="1" name="practice.Kite_test" time="2.459" errors="0" timestamp="2021-04-07T03:08:08 IST" skipped="0">
  <testcase classname="practice.Kite_test" name="verify_Id" time="2.459"/>
  <system-out/>
</testsuite> <!-- practice.Kite_test -->
