<?xml version="1.0" encoding="UTF-8"?>
<!-- Generated by org.testng.reporters.JUnitReportReporter -->
<testsuite hostname="AKASH" failures="0" tests="2" name="testNGAnnotations.Annotations" time="0.010" errors="0" timestamp="2021-03-28T16:41:47 IST" skipped="1">
  <testcase classname="testNGAnnotations.Annotations" name="test1" time="0.010"/>
  <system-out>
verify name  </system-out>
  <testcase classname="testNGAnnotations.Annotations" name="test2">
    <skipped/>
  </testcase> <!-- test2 -->
  <system-out/>
</testsuite> <!-- testNGAnnotations.Annotations -->
