<?xml version="1.0" encoding="UTF-8"?>
<!-- Generated by org.testng.reporters.JUnitReportReporter -->
<testsuite hostname="AKASH" failures="0" tests="3" name="compatibility_test.CTWithParralelTest" time="39.076" errors="0" timestamp="2021-04-04T17:26:43 IST" skipped="0">
  <testcase classname="compatibility_test.CTWithParralelTest" name="CT" time="16.481"/>
  <system-out/>
  <testcase classname="compatibility_test.CTWithParralelTest" name="CT" time="12.709"/>
  <system-out/>
  <testcase classname="compatibility_test.CTWithParralelTest" name="CT" time="9.886"/>
  <system-out/>
</testsuite> <!-- compatibility_test.CTWithParralelTest -->
