<?xml version="1.0" encoding="UTF-8"?>
<!-- Generated by org.testng.reporters.JUnitReportReporter -->
<testsuite hostname="AKASH" failures="0" tests="1" name="parallelTesting.Kite_open" time="13.470" errors="0" timestamp="2021-04-03T18:59:33 IST" skipped="0">
  <testcase classname="parallelTesting.Kite_open" name="login" time="13.470"/>
  <system-out/>
</testsuite> <!-- parallelTesting.Kite_open -->
