<?xml version="1.0" encoding="UTF-8"?>
<!-- Generated by org.testng.reporters.JUnitReportReporter -->
<testsuite hostname="AKASH" failures="0" tests="12" name="testNGAnnotations.TestNG_Keywords" time="0.041" errors="0" timestamp="2021-03-29T23:22:08 IST" skipped="1">
  <testcase classname="testNGAnnotations.TestNG_Keywords" name="m1" time="0.004"/>
  <system-out>
verify name  </system-out>
  <testcase classname="testNGAnnotations.TestNG_Keywords" name="m3" time="0.004"/>
  <system-out>
verify lastname  </system-out>
  <testcase classname="testNGAnnotations.TestNG_Keywords" name="m3" time="0.003"/>
  <system-out>
verify lastname  </system-out>
  <testcase classname="testNGAnnotations.TestNG_Keywords" name="m3" time="0.004"/>
  <system-out>
verify lastname  </system-out>
  <testcase classname="testNGAnnotations.TestNG_Keywords" name="m3" time="0.003"/>
  <system-out>
verify lastname  </system-out>
  <testcase classname="testNGAnnotations.TestNG_Keywords" name="m3" time="0.005"/>
  <system-out>
verify lastname  </system-out>
  <testcase classname="testNGAnnotations.TestNG_Keywords" name="m3" time="0.004"/>
  <system-out>
verify lastname  </system-out>
  <testcase classname="testNGAnnotations.TestNG_Keywords" name="m3" time="0.005"/>
  <system-out>
verify lastname  </system-out>
  <testcase classname="testNGAnnotations.TestNG_Keywords" name="m3" time="0.003"/>
  <system-out>
verify lastname  </system-out>
  <testcase classname="testNGAnnotations.TestNG_Keywords" name="m3" time="0.003"/>
  <system-out>
verify lastname  </system-out>
  <testcase classname="testNGAnnotations.TestNG_Keywords" name="m3" time="0.003"/>
  <system-out>
verify lastname  </system-out>
  <testcase classname="testNGAnnotations.TestNG_Keywords" name="m2">
    <skipped/>
  </testcase> <!-- m2 -->
  <system-out/>
</testsuite> <!-- testNGAnnotations.TestNG_Keywords -->
