<?xml version="1.0" encoding="UTF-8"?>
<!-- Generated by org.testng.reporters.JUnitReportReporter -->
<testsuite hostname="AKASH" failures="0" tests="4" name="kite_pom_pagefactory_testNG_systematic.Kite_test" time="21.385" errors="0" timestamp="2021-04-20T08:23:09 IST" skipped="0">
  <testcase classname="kite_pom_pagefactory_testNG_systematic.Kite_test" name="verify_Id" time="6.511"/>
  <system-out/>
  <testcase classname="kite_pom_pagefactory_testNG_systematic.Kite_test" name="verify_Id" time="4.957"/>
  <system-out/>
  <testcase classname="kite_pom_pagefactory_testNG_systematic.Kite_test" name="verify_Id" time="5.137"/>
  <system-out/>
  <testcase classname="kite_pom_pagefactory_testNG_systematic.Kite_test" name="verify_Id" time="4.780"/>
  <system-out/>
</testsuite> <!-- kite_pom_pagefactory_testNG_systematic.Kite_test -->
