<?xml version="1.0" encoding="UTF-8"?>
<!-- Generated by org.testng.reporters.JUnitReportReporter -->
<testsuite hostname="AKASH" failures="0" tests="2" name="assertion_ex.Test_method" time="12.687" errors="0" timestamp="2021-04-01T16:22:23 IST" skipped="0">
  <testcase classname="assertion_ex.Test_method" name="verify_userid" time="4.642"/>
  <system-out/>
  <testcase classname="assertion_ex.Test_method" name="verify_name" time="8.045"/>
  <system-out>
Kulkarni Vijay Bharat  </system-out>
</testsuite> <!-- assertion_ex.Test_method -->
