<?xml version="1.0" encoding="UTF-8"?>
<!-- Generated by org.testng.reporters.JUnitReportReporter -->
<testsuite hostname="AKASH" failures="0" tests="1" name="testNG.Tests1" time="3.437" errors="0" timestamp="2021-03-28T19:08:02 IST" skipped="0">
  <testcase classname="testNG.Tests1" name="validate_pin" time="3.437"/>
  <system-out>
test pssjdsdjo  </system-out>
</testsuite> <!-- testNG.Tests1 -->
