<?xml version="1.0" encoding="UTF-8"?>
<!-- Generated by org.testng.reporters.JUnitReportReporter -->
<testsuite hostname="AKASH" failures="0" tests="2" name="testNGAnnotations.Annotations55" time="0.008" errors="0" timestamp="2021-03-29T23:22:08 IST" skipped="0">
  <testcase classname="testNGAnnotations.Annotations55" name="test1" time="0.003"/>
  <system-out>
verify name  </system-out>
  <testcase classname="testNGAnnotations.Annotations55" name="test2" time="0.005"/>
  <system-out>
verify id  </system-out>
</testsuite> <!-- testNGAnnotations.Annotations55 -->
