<?xml version="1.0" encoding="UTF-8"?>
<!-- Generated by org.testng.reporters.JUnitReportReporter -->
<testsuite hostname="AKASH" failures="0" tests="2" name="testNGAnnotations.TestNG_Annotationstemp" time="0.011" errors="0" timestamp="2021-03-28T16:39:55 IST" skipped="0">
  <testcase classname="testNGAnnotations.TestNG_Annotationstemp" name="VerifyPN2" time="0.002"/>
  <system-out>
running VerifyPN test case2   </system-out>
  <testcase classname="testNGAnnotations.TestNG_Annotationstemp" name="VerifyPN" time="0.009"/>
  <system-out>
running VerifyPN test case   </system-out>
</testsuite> <!-- testNGAnnotations.TestNG_Annotationstemp -->
