<?xml version="1.0" encoding="UTF-8"?>
<!-- Generated by org.testng.reporters.JUnitReportReporter -->
<testsuite hostname="AKASH" failures="0" tests="1" name="parallelTesting.Google_open" time="14.115" errors="0" timestamp="2021-04-03T18:59:33 IST" skipped="0">
  <testcase classname="parallelTesting.Google_open" name="login2" time="14.115"/>
  <system-out/>
</testsuite> <!-- parallelTesting.Google_open -->
