<?xml version="1.0" encoding="UTF-8"?>
<!-- Generated by org.testng.reporters.JUnitReportReporter -->
<testsuite hostname="AKASH" failures="0" tests="1" name="failedTestNG.Sample2" time="0.002" errors="0" timestamp="2021-03-31T20:59:53 IST" skipped="0">
  <testcase classname="failedTestNG.Sample2" name="m4" time="0.002"/>
  <system-out>
method 4  </system-out>
</testsuite> <!-- failedTestNG.Sample2 -->
